0 info it worked if it ends with ok
1 verbose cli [ '/usr/local/bin/node',
1 verbose cli   '/Users/leonid/.npm-packages/lib/node_modules/npm/bin/npm-cli.js',
1 verbose cli   'run-script',
1 verbose cli   'karma' ]
2 info using npm@3.8.2
3 info using node@v4.2.6
4 verbose run-script [ 'prekarma', 'karma', 'postkarma' ]
5 info lifecycle rule-angular@0.0.1~prekarma: rule-angular@0.0.1
6 silly lifecycle rule-angular@0.0.1~prekarma: no script for prekarma, continuing
7 info lifecycle rule-angular@0.0.1~karma: rule-angular@0.0.1
8 verbose lifecycle rule-angular@0.0.1~karma: unsafe-perm in lifecycle true
9 verbose lifecycle rule-angular@0.0.1~karma: PATH: /Users/leonid/.npm-packages/lib/node_modules/npm/bin/node-gyp-bin:/Users/leonid/Projects/rule-angular/node_modules/.bin:/usr/local/bin:/Users/leonid/.rbenv/shims:/usr/local/heroku/bin:/Users/leonid/.npm-packages/bin:/usr/local/bin:/usr/local/sbin:/usr/bin:/usr/sbin:/bin:/sbin:/opt/X11/bin
10 verbose lifecycle rule-angular@0.0.1~karma: CWD: /Users/leonid/Projects/rule-angular
11 silly lifecycle rule-angular@0.0.1~karma: Args: [ '-c', 'cross-env NODE_ENV=test karma start  --single-run' ]
12 silly lifecycle rule-angular@0.0.1~karma: Returned: code: 1  signal: null
13 info lifecycle rule-angular@0.0.1~karma: Failed to exec karma script
14 verbose stack Error: rule-angular@0.0.1 karma: `cross-env NODE_ENV=test karma start  --single-run`
14 verbose stack Exit status 1
14 verbose stack     at EventEmitter.<anonymous> (/Users/leonid/.npm-packages/lib/node_modules/npm/lib/utils/lifecycle.js:239:16)
14 verbose stack     at emitTwo (events.js:87:13)
14 verbose stack     at EventEmitter.emit (events.js:172:7)
14 verbose stack     at ChildProcess.<anonymous> (/Users/leonid/.npm-packages/lib/node_modules/npm/lib/utils/spawn.js:24:14)
14 verbose stack     at emitTwo (events.js:87:13)
14 verbose stack     at ChildProcess.emit (events.js:172:7)
14 verbose stack     at maybeClose (internal/child_process.js:821:16)
14 verbose stack     at Process.ChildProcess._handle.onexit (internal/child_process.js:211:5)
15 verbose pkgid rule-angular@0.0.1
16 verbose cwd /Users/leonid/Projects/rule-angular
17 error Darwin 14.5.0
18 error argv "/usr/local/bin/node" "/Users/leonid/.npm-packages/lib/node_modules/npm/bin/npm-cli.js" "run-script" "karma"
19 error node v4.2.6
20 error npm  v3.8.2
21 error code ELIFECYCLE
22 error rule-angular@0.0.1 karma: `cross-env NODE_ENV=test karma start  --single-run`
22 error Exit status 1
23 error Failed at the rule-angular@0.0.1 karma script 'cross-env NODE_ENV=test karma start  --single-run'.
23 error Make sure you have the latest version of node.js and npm installed.
23 error If you do, this is most likely a problem with the rule-angular package,
23 error not with npm itself.
23 error Tell the author that this fails on your system:
23 error     cross-env NODE_ENV=test karma start  --single-run
23 error You can get information on how to open an issue for this project with:
23 error     npm bugs rule-angular
23 error Or if that isn't available, you can get their info via:
23 error     npm owner ls rule-angular
23 error There is likely additional logging output above.
24 verbose exit [ 1, true ]
